2025-05-10 09:31:59,572 - INFO - Processing CSV file: 2020_utf8_data_cleaned.csv
2025-05-10 09:31:59,572 - INFO - Output file: results_test.csv
2025-05-10 09:31:59,572 - INFO - Model file: isolation_forest_model.pkl
2025-05-10 09:32:00,125 - INFO - Model loaded successfully from 'isolation_forest_model.pkl'
2025-05-10 09:32:00,126 - INFO - CSV file size: 17.99 MB
2025-05-10 09:32:00,129 - WARNING - Standard CSV reading failed: Error tokenizing data. C error: Expected 64 fields in line 35, saw 113
. Trying with more flexible parameters...
2025-05-10 09:32:00,576 - INFO - Loaded 39509 records from 2020_utf8_data_cleaned.csv
2025-05-10 09:32:00,592 - WARNING - Column 'FUTURE_CAN_ID': 3611 values couldn't be converted to numeric and were set to NaN
2025-05-10 09:32:00,593 - WARNING - Column 'FRA_NUMBER_OPERATORS': 30642 values couldn't be converted to numeric and were set to NaN
2025-05-10 09:32:00,593 - WARNING - Column 'FRA_NUMBER_MAX_OPERATORS': 30644 values couldn't be converted to numeric and were set to NaN
2025-05-10 09:32:00,594 - WARNING - Column 'VALUE_EURO': 17257 values couldn't be converted to numeric and were set to NaN
2025-05-10 09:32:00,595 - WARNING - Column 'VALUE_EURO_FIN_1': 16425 values couldn't be converted to numeric and were set to NaN
2025-05-10 09:32:00,595 - WARNING - Column 'VALUE_EURO_FIN_2': 16425 values couldn't be converted to numeric and were set to NaN
2025-05-10 09:32:00,595 - WARNING - Column 'DURATION': 1863 values couldn't be converted to numeric and were set to NaN
2025-05-10 09:32:00,596 - WARNING - Column 'ENV_OPERATORS': 39502 values couldn't be converted to numeric and were set to NaN
2025-05-10 09:32:00,596 - WARNING - Column 'ENV_MIN_OPERATORS': 39507 values couldn't be converted to numeric and were set to NaN
2025-05-10 09:32:00,597 - WARNING - Column 'ENV_MAX_OPERATORS': 39507 values couldn't be converted to numeric and were set to NaN
2025-05-10 09:32:00,597 - WARNING - Column 'B_LANGUAGE_ANY_EC': 39509 values couldn't be converted to numeric and were set to NaN
2025-05-10 09:32:00,756 - INFO - Processing records 1 to 1000 of 39509...
2025-05-10 09:32:00,800 - INFO - Processing records 1001 to 2000 of 39509...
2025-05-10 09:32:00,843 - INFO - Processing records 2001 to 3000 of 39509...
2025-05-10 09:32:00,885 - INFO - Processing records 3001 to 4000 of 39509...
2025-05-10 09:32:00,925 - INFO - Processing records 4001 to 5000 of 39509...
2025-05-10 09:32:00,968 - INFO - Processing records 5001 to 6000 of 39509...
2025-05-10 09:32:01,011 - INFO - Processing records 6001 to 7000 of 39509...
2025-05-10 09:32:01,054 - INFO - Processing records 7001 to 8000 of 39509...
2025-05-10 09:32:01,096 - INFO - Processing records 8001 to 9000 of 39509...
2025-05-10 09:32:01,137 - INFO - Processing records 9001 to 10000 of 39509...
2025-05-10 09:32:01,179 - INFO - Processing records 10001 to 11000 of 39509...
2025-05-10 09:32:01,221 - INFO - Processing records 11001 to 12000 of 39509...
2025-05-10 09:32:01,261 - INFO - Processing records 12001 to 13000 of 39509...
2025-05-10 09:32:01,304 - INFO - Processing records 13001 to 14000 of 39509...
2025-05-10 09:32:01,345 - INFO - Processing records 14001 to 15000 of 39509...
2025-05-10 09:32:01,387 - INFO - Processing records 15001 to 16000 of 39509...
2025-05-10 09:32:01,428 - INFO - Processing records 16001 to 17000 of 39509...
2025-05-10 09:32:01,468 - INFO - Processing records 17001 to 18000 of 39509...
2025-05-10 09:32:01,509 - INFO - Processing records 18001 to 19000 of 39509...
2025-05-10 09:32:01,552 - INFO - Processing records 19001 to 20000 of 39509...
2025-05-10 09:32:01,592 - INFO - Processing records 20001 to 21000 of 39509...
2025-05-10 09:32:01,632 - INFO - Processing records 21001 to 22000 of 39509...
2025-05-10 09:32:01,675 - INFO - Processing records 22001 to 23000 of 39509...
2025-05-10 09:32:01,716 - INFO - Processing records 23001 to 24000 of 39509...
2025-05-10 09:32:01,756 - INFO - Processing records 24001 to 25000 of 39509...
2025-05-10 09:32:01,796 - INFO - Processing records 25001 to 26000 of 39509...
2025-05-10 09:32:01,840 - INFO - Processing records 26001 to 27000 of 39509...
2025-05-10 09:32:01,881 - INFO - Processing records 27001 to 28000 of 39509...
2025-05-10 09:32:01,924 - INFO - Processing records 28001 to 29000 of 39509...
2025-05-10 09:32:01,966 - INFO - Processing records 29001 to 30000 of 39509...
2025-05-10 09:32:02,009 - INFO - Processing records 30001 to 31000 of 39509...
2025-05-10 09:32:02,050 - INFO - Processing records 31001 to 32000 of 39509...
2025-05-10 09:32:02,092 - INFO - Processing records 32001 to 33000 of 39509...
2025-05-10 09:32:02,135 - INFO - Processing records 33001 to 34000 of 39509...
2025-05-10 09:32:02,175 - INFO - Processing records 34001 to 35000 of 39509...
2025-05-10 09:32:02,215 - INFO - Processing records 35001 to 36000 of 39509...
2025-05-10 09:32:02,256 - INFO - Processing records 36001 to 37000 of 39509...
2025-05-10 09:32:02,296 - INFO - Processing records 37001 to 38000 of 39509...
2025-05-10 09:32:02,337 - INFO - Processing records 38001 to 39000 of 39509...
2025-05-10 09:32:02,379 - INFO - Processing records 39001 to 39509 of 39509...
2025-05-10 09:32:03,274 - INFO - Saved results to results_test.csv
2025-05-10 09:32:03,278 - INFO - Outlier detection complete:
2025-05-10 09:32:03,278 - INFO -   Total records: 39509
2025-05-10 09:32:03,278 - INFO -   Outliers detected: 1976 (5.00%)
2025-05-10 09:32:03,278 - INFO - CSV processing completed successfully
